Line 131: Class MSAdodcLib.Adodc of control Adodc2 was not a loaded control class.
Line 137: The property name _ExtentX in Adodc2 is invalid.
Line 138: The property name _ExtentY in Adodc2 is invalid.
Line 139: The property name ConnectMode in Adodc2 is invalid.
Line 140: The property name CursorLocation in Adodc2 is invalid.
Line 141: The property name IsolationLevel in Adodc2 is invalid.
Line 142: The property name ConnectionTimeout in Adodc2 is invalid.
Line 143: The property name CommandTimeout in Adodc2 is invalid.
Line 144: The property name CursorType in Adodc2 is invalid.
Line 145: The property name LockType in Adodc2 is invalid.
Line 146: The property name CommandType in Adodc2 is invalid.
Line 147: The property name CursorOptions in Adodc2 is invalid.
Line 148: The property name CacheSize in Adodc2 is invalid.
Line 149: The property name MaxRecords in Adodc2 is invalid.
Line 150: The property name BOFAction in Adodc2 is invalid.
Line 151: The property name EOFAction in Adodc2 is invalid.
Line 152: The property name ConnectStringType in Adodc2 is invalid.
Line 156: The property name Orientation in Adodc2 is invalid.
Line 158: The property name Connect in Adodc2 is invalid.
Line 159: The property name OLEDBString in Adodc2 is invalid.
Line 160: The property name OLEDBFile in Adodc2 is invalid.
Line 161: The property name DataSourceName in Adodc2 is invalid.
Line 162: The property name OtherAttributes in Adodc2 is invalid.
Line 163: The property name UserName in Adodc2 is invalid.
Line 164: The property name Password in Adodc2 is invalid.
Line 165: The property name RecordSource in Adodc2 is invalid.
Line 166: The property name Caption in Adodc2 is invalid.
Line 176: The property name _Version in Adodc2 is invalid.
